2025-04-06 13:23:25,664 - context_watcher - INFO - File written successfully: C:\Users\richa\watcher-builds\erasmus\.windsurfrules
2025-04-06 13:23:32,152 - context_watcher - INFO - Committed changes: Consolidate single-file watcher.py for unified git management across...
2025-04-06 13:23:32,153 - context_watcher - INFO - Watching files: ['ARCHITECTURE', 'PROGRESS', 'TASKS']
2025-04-06 13:23:32,154 - context_watcher - INFO - Watching files: ['Script File']
2025-04-06 13:23:32,155 - context_watcher - INFO - Watching project files and script for changes. Press Ctrl+C to stop...
2025-04-06 13:25:08,203 - context_watcher - INFO - Detected update in Script File
2025-04-06 13:25:08,205 - context_watcher - INFO - Detected change in Script File. Restarting the script...
2025-04-06 13:25:09,206 - context_watcher - INFO - Restarting the program...
2025-04-06 13:27:08,121 - context_watcher - INFO - File written successfully: C:\Users\richa\watcher-builds\erasmus\.windsurfrules
2025-04-06 13:27:11,796 - context_watcher - INFO - Committed changes: Here is a concise, descriptive commit message for the given git...
2025-04-06 13:27:11,797 - context_watcher - INFO - Watching files: ['ARCHITECTURE', 'PROGRESS', 'TASKS']
2025-04-06 13:27:11,798 - context_watcher - INFO - Watching files: ['Script File']
2025-04-06 13:27:11,799 - context_watcher - INFO - Watching project files and script for changes. Press Ctrl+C to stop...
2025-04-06 14:26:08,499 - context_watcher - INFO - Detected update in ARCHITECTURE
2025-04-06 14:26:08,500 - context_watcher - INFO - Processing update from ARCHITECTURE
2025-04-06 14:26:08,501 - context_watcher - INFO - File written successfully: C:\Users\richa\watcher-builds\erasmus\.windsurfrules
2025-04-06 14:26:11,829 - context_watcher - INFO - Committed changes: Added platform detection and Python version checks for uv package...
2025-04-06 14:26:12,927 - context_watcher - INFO - Committed changes: Configure context watcher to detect updates in critical files
2025-04-06 14:26:12,928 - context_watcher - INFO - Detected update in PROGRESS
2025-04-06 14:26:12,928 - context_watcher - INFO - Processing update from PROGRESS
2025-04-06 14:26:12,930 - context_watcher - INFO - File written successfully: C:\Users\richa\watcher-builds\erasmus\.windsurfrules
2025-04-06 14:26:13,820 - context_watcher - INFO - Committed changes: Automated log analysis for framework updates
2025-04-06 14:26:14,383 - context_watcher - INFO - Committed changes: Configure context watcher to detect updates in critical files
2025-04-06 14:26:14,384 - context_watcher - INFO - Detected update in TASKS
2025-04-06 14:26:14,385 - context_watcher - INFO - Processing update from TASKS
2025-04-06 14:26:14,386 - context_watcher - INFO - File written successfully: C:\Users\richa\watcher-builds\erasmus\.windsurfrules
2025-04-06 14:26:16,058 - context_watcher - INFO - Committed changes: Update log entry with new commit hash
2025-04-06 14:26:17,222 - context_watcher - INFO - Committed changes: Update context watcher configuration
2025-04-06 14:29:46,417 - context_watcher - INFO - Detected update in ARCHITECTURE
2025-04-06 14:29:46,418 - context_watcher - INFO - Processing update from ARCHITECTURE
2025-04-06 14:29:46,427 - context_watcher - INFO - File written successfully: C:\Users\richa\watcher-builds\erasmus\.windsurfrules
